<?xml version="1.0" encoding="UTF-8"?>
<testng-results skipped="0" failed="0" total="2" passed="2">
  <reporter-output>
  </reporter-output>
  <suite name="Default suite" duration-ms="51601" started-at="2019-01-14T10:53:46Z" finished-at="2019-01-14T10:54:38Z">
    <groups>
      <group name="cucumber">
        <method signature="AbstractTestNGCucumberTests.feature(cucumber.api.testng.CucumberFeatureWrapper)[pri:0, instance:com.TestRunners.TestRunner@59ec2012]" name="feature" class="cucumber.api.testng.AbstractTestNGCucumberTests"/>
      </group> <!-- cucumber -->
    </groups>
    <test name="Default test" duration-ms="51601" started-at="2019-01-14T10:53:46Z" finished-at="2019-01-14T10:54:38Z">
      <class name="com.TestRunners.TestRunner">
        <test-method status="PASS" signature="setUpClass()[pri:0, instance:com.TestRunners.TestRunner@59ec2012]" name="setUpClass" is-config="true" duration-ms="166" started-at="2019-01-14T16:23:46Z" finished-at="2019-01-14T16:23:46Z">
          <reporter-output>
          </reporter-output>
        </test-method> <!-- setUpClass -->
        <test-method status="PASS" signature="feature(cucumber.api.testng.CucumberFeatureWrapper)[pri:0, instance:com.TestRunners.TestRunner@59ec2012]" name="feature" duration-ms="20143" started-at="2019-01-14T16:23:46Z" description="Runs Cucumber Feature" data-provider="features" finished-at="2019-01-14T16:24:07Z">
          <params>
            <param index="0">
              <value>
                <![CDATA[check hotel search]]>
              </value>
            </param>
          </params>
          <reporter-output>
          </reporter-output>
        </test-method> <!-- feature -->
        <test-method status="PASS" signature="feature(cucumber.api.testng.CucumberFeatureWrapper)[pri:0, instance:com.TestRunners.TestRunner@59ec2012]" name="feature" duration-ms="30938" started-at="2019-01-14T16:24:07Z" description="Runs Cucumber Feature" data-provider="features" finished-at="2019-01-14T16:24:37Z">
          <params>
            <param index="0">
              <value>
                <![CDATA[login in to the makemytrip.com]]>
              </value>
            </param>
          </params>
          <reporter-output>
          </reporter-output>
        </test-method> <!-- feature -->
        <test-method status="PASS" signature="writeExtentReport()[pri:0, instance:com.TestRunners.TestRunner@59ec2012]" name="writeExtentReport" is-config="true" duration-ms="43" started-at="2019-01-14T16:24:37Z" finished-at="2019-01-14T16:24:37Z">
          <reporter-output>
          </reporter-output>
        </test-method> <!-- writeExtentReport -->
        <test-method status="PASS" signature="tearDownClass()[pri:0, instance:com.TestRunners.TestRunner@59ec2012]" name="tearDownClass" is-config="true" duration-ms="243" started-at="2019-01-14T16:24:37Z" finished-at="2019-01-14T16:24:38Z">
          <reporter-output>
          </reporter-output>
        </test-method> <!-- tearDownClass -->
      </class> <!-- com.TestRunners.TestRunner -->
    </test> <!-- Default test -->
  </suite> <!-- Default suite -->
</testng-results>
