<?xml version="1.0" encoding="UTF-8"?>
<!-- Generated by org.testng.reporters.JUnitXMLReporter -->
<testsuite hostname="WKWIN3438802" name="Test" tests="1" failures="1" timestamp="11 Jan 2019 09:30:08 GMT" time="25.674" errors="0">
  <testcase name="feature" time="25.166" classname="com.TestRunners.TestRunner">
    <failure type="cucumber.runtime.CucumberException" message="java.lang.AssertionError: expected [#1 Free CRM software in the cloud for sales and service] but found [CRMPRO]">
      <![CDATA[cucumber.runtime.CucumberException: java.lang.AssertionError: expected [#1 Free CRM software in the cloud for sales and service] but found [CRMPRO]
	at cucumber.api.testng.TestNGCucumberRunner.runCucumber(TestNGCucumberRunner.java:69)
	at cucumber.api.testng.AbstractTestNGCucumberTests.feature(AbstractTestNGCucumberTests.java:21)
Caused by: java.lang.AssertionError: expected [#1 Free CRM software in the cloud for sales and service] but found [CRMPRO]
	at com.Pages.LoginPage.homePageTitleCheck(LoginPage.java:60)
	at com.StepDefinitions.LoginStep.user_is_on_home_page(LoginStep.java:33)
	at ✽.And user is on home page(login.feature:7)
... Removed 30 stack frames]]>
    </failure>
  </testcase> <!-- feature -->
</testsuite> <!-- Test -->
